Pig Stack Trace
---------------
ERROR 1025: 
<file recapature.pig, line 5, column 34> Invalid field projection. Projected field [group] does not exist in schema: user4::usr:chararray,user4::lognum:int,user5::usr:chararray,user5::lognum:int.

org.apache.pig.impl.plan.PlanValidationException: ERROR 1025: 
<file recapature.pig, line 5, column 34> Invalid field projection. Projected field [group] does not exist in schema: user4::usr:chararray,user4::lognum:int,user5::usr:chararray,user5::lognum:int.
	at org.apache.pig.newplan.logical.expression.ProjectExpression.findColNum(ProjectExpression.java:182)
	at org.apache.pig.newplan.logical.expression.ProjectExpression.setColumnNumberFromAlias(ProjectExpression.java:165)
	at org.apache.pig.newplan.logical.visitor.ColumnAliasConversionVisitor$1.visit(ColumnAliasConversionVisitor.java:53)
	at org.apache.pig.newplan.logical.expression.ProjectExpression.accept(ProjectExpression.java:206)
	at org.apache.pig.newplan.DependencyOrderWalker.walk(DependencyOrderWalker.java:75)
	at org.apache.pig.newplan.PlanVisitor.visit(PlanVisitor.java:50)
	at org.apache.pig.newplan.logical.optimizer.AllExpressionVisitor.visit(AllExpressionVisitor.java:126)
	at org.apache.pig.newplan.logical.relational.LOInnerLoad.accept(LOInnerLoad.java:128)
	at org.apache.pig.newplan.DependencyOrderWalker.walk(DependencyOrderWalker.java:75)
	at org.apache.pig.newplan.logical.optimizer.AllExpressionVisitor.visit(AllExpressionVisitor.java:104)
	at org.apache.pig.newplan.logical.relational.LOForEach.accept(LOForEach.java:74)
	at org.apache.pig.newplan.DependencyOrderWalker.walk(DependencyOrderWalker.java:75)
	at org.apache.pig.newplan.PlanVisitor.visit(PlanVisitor.java:50)
	at org.apache.pig.PigServer$Graph.compile(PigServer.java:1660)
	at org.apache.pig.PigServer$Graph.compile(PigServer.java:1655)
	at org.apache.pig.PigServer$Graph.access$200(PigServer.java:1378)
	at org.apache.pig.PigServer.execute(PigServer.java:1283)
	at org.apache.pig.PigServer.executeBatch(PigServer.java:360)
	at org.apache.pig.tools.grunt.GruntParser.executeBatch(GruntParser.java:131)
	at org.apache.pig.tools.grunt.GruntParser.parseStopOnError(GruntParser.java:192)
	at org.apache.pig.tools.grunt.GruntParser.parseStopOnError(GruntParser.java:164)
	at org.apache.pig.tools.grunt.Grunt.exec(Grunt.java:84)
	at org.apache.pig.Main.run(Main.java:561)
	at org.apache.pig.Main.main(Main.java:111)
	at sun.reflect.NativeMethodAccessorImpl.invoke0(Native Method)
	at sun.reflect.NativeMethodAccessorImpl.invoke(NativeMethodAccessorImpl.java:39)
	at sun.reflect.DelegatingMethodAccessorImpl.invoke(DelegatingMethodAccessorImpl.java:25)
	at java.lang.reflect.Method.invoke(Method.java:597)
	at org.apache.hadoop.util.RunJar.main(RunJar.java:197)
================================================================================
